  main.cpp
c:\users\rique\onedrive - associacao antonio vieira\ead\cg\base project\cg\cg\main.cpp(17): warning C4566: character represented by universal-character-name '\uCD08' cannot be represented in the current code page (1252)
c:\users\rique\onedrive - associacao antonio vieira\ead\cg\base project\cg\cg\main.cpp(17): warning C4566: character represented by universal-character-name '\uAE30' cannot be represented in the current code page (1252)
c:\users\rique\onedrive - associacao antonio vieira\ead\cg\base project\cg\cg\main.cpp(17): warning C4566: character represented by universal-character-name '\uD654' cannot be represented in the current code page (1252)
c:\users\rique\onedrive - associacao antonio vieira\ead\cg\base project\cg\cg\main.cpp(17): warning C4566: character represented by universal-character-name '\uC2E4' cannot be represented in the current code page (1252)
c:\users\rique\onedrive - associacao antonio vieira\ead\cg\base project\cg\cg\main.cpp(17): warning C4566: character represented by universal-character-name '\uD328' cannot be represented in the current code page (1252)
c:\users\rique\onedrive - associacao antonio vieira\ead\cg\base project\cg\cg\main.cpp(35): warning C4566: character represented by universal-character-name '\uC708' cannot be represented in the current code page (1252)
c:\users\rique\onedrive - associacao antonio vieira\ead\cg\base project\cg\cg\main.cpp(35): warning C4566: character represented by universal-character-name '\uB3C4' cannot be represented in the current code page (1252)
c:\users\rique\onedrive - associacao antonio vieira\ead\cg\base project\cg\cg\main.cpp(35): warning C4566: character represented by universal-character-name '\uC6B0' cannot be represented in the current code page (1252)
c:\users\rique\onedrive - associacao antonio vieira\ead\cg\base project\cg\cg\main.cpp(35): warning C4566: character represented by universal-character-name '\uC0DD' cannot be represented in the current code page (1252)
c:\users\rique\onedrive - associacao antonio vieira\ead\cg\base project\cg\cg\main.cpp(35): warning C4566: character represented by universal-character-name '\uC131' cannot be represented in the current code page (1252)
c:\users\rique\onedrive - associacao antonio vieira\ead\cg\base project\cg\cg\main.cpp(35): warning C4566: character represented by universal-character-name '\uC2E4' cannot be represented in the current code page (1252)
c:\users\rique\onedrive - associacao antonio vieira\ead\cg\base project\cg\cg\main.cpp(35): warning C4566: character represented by universal-character-name '\uD328' cannot be represented in the current code page (1252)
c:\users\rique\onedrive - associacao antonio vieira\ead\cg\base project\cg\cg\main.cpp(54): warning C4566: character represented by universal-character-name '\uCD08' cannot be represented in the current code page (1252)
c:\users\rique\onedrive - associacao antonio vieira\ead\cg\base project\cg\cg\main.cpp(54): warning C4566: character represented by universal-character-name '\uAE30' cannot be represented in the current code page (1252)
c:\users\rique\onedrive - associacao antonio vieira\ead\cg\base project\cg\cg\main.cpp(54): warning C4566: character represented by universal-character-name '\uD654' cannot be represented in the current code page (1252)
c:\users\rique\onedrive - associacao antonio vieira\ead\cg\base project\cg\cg\main.cpp(54): warning C4566: character represented by universal-character-name '\uC2E4' cannot be represented in the current code page (1252)
c:\users\rique\onedrive - associacao antonio vieira\ead\cg\base project\cg\cg\main.cpp(54): warning C4566: character represented by universal-character-name '\uD328' cannot be represented in the current code page (1252)
main.obj : error LNK2019: unresolved external symbol _glfwInit referenced in function _main
main.obj : error LNK2019: unresolved external symbol _glfwTerminate referenced in function "void __cdecl key_pressed(struct GLFWwindow *,int,int,int,int)" (?key_pressed@@YAXPAUGLFWwindow@@HHHH@Z)
main.obj : error LNK2019: unresolved external symbol _glfwSetErrorCallback referenced in function _main
main.obj : error LNK2019: unresolved external symbol _glfwWindowHint referenced in function _main
main.obj : error LNK2019: unresolved external symbol _glfwCreateWindow referenced in function _main
main.obj : error LNK2019: unresolved external symbol _glfwDestroyWindow referenced in function _main
main.obj : error LNK2019: unresolved external symbol _glfwWindowShouldClose referenced in function _main
main.obj : error LNK2019: unresolved external symbol _glfwSetWindowSizeCallback referenced in function _main
main.obj : error LNK2019: unresolved external symbol _glfwPollEvents referenced in function _main
main.obj : error LNK2019: unresolved external symbol _glfwSetKeyCallback referenced in function _main
main.obj : error LNK2019: unresolved external symbol _glfwMakeContextCurrent referenced in function _main
main.obj : error LNK2019: unresolved external symbol _glfwSwapBuffers referenced in function "void __cdecl window_resized(struct GLFWwindow *,int,int)" (?window_resized@@YAXPAUGLFWwindow@@HH@Z)
main.obj : error LNK2019: unresolved external symbol _glfwSwapInterval referenced in function _main
.\lib\freeglut.lib : warning LNK4272: library machine type 'x64' conflicts with target machine type 'x86'
.\lib\glfw3.lib : warning LNK4272: library machine type 'x64' conflicts with target machine type 'x86'
C:\Users\rique\OneDrive - Associacao Antonio Vieira\EAD\CG\Base project\CG\Debug\CG.exe : fatal error LNK1120: 13 unresolved externals
